<?xml version="1.0" encoding="UTF-8"?>
<coverage generated="1655673978567" clover="3.2.0">
  <project timestamp="1655673978567" name="All files">
    <metrics statements="93" coveredstatements="75" conditionals="30" coveredconditionals="15" methods="14" coveredmethods="11" elements="137" coveredelements="101" complexity="0" loc="93" ncloc="93" packages="7" files="10" classes="10"/>
    <package name="backend-test">
      <metrics statements="12" coveredstatements="12" conditionals="4" coveredconditionals="3" methods="3" coveredmethods="3"/>
      <file name="config.js" path="/home/sirgregg/Desktop/projects/backend-test/config.js">
        <metrics statements="1" coveredstatements="1" conditionals="2" coveredconditionals="2" methods="0" coveredmethods="0"/>
        <line num="4" count="1" type="stmt"/>
      </file>
      <file name="server.js" path="/home/sirgregg/Desktop/projects/backend-test/server.js">
        <metrics statements="11" coveredstatements="11" conditionals="2" coveredconditionals="1" methods="3" coveredmethods="3"/>
        <line num="10" count="1" type="cond" truecount="1" falsecount="1"/>
        <line num="13" count="1" type="stmt"/>
        <line num="16" count="1" type="stmt"/>
        <line num="19" count="1" type="stmt"/>
        <line num="22" count="1" type="stmt"/>
        <line num="25" count="1" type="stmt"/>
        <line num="26" count="1" type="stmt"/>
        <line num="33" count="1" type="stmt"/>
        <line num="34" count="1" type="stmt"/>
        <line num="36" count="1" type="stmt"/>
        <line num="37" count="1" type="stmt"/>
      </file>
    </package>
    <package name="backend-test.config">
      <metrics statements="4" coveredstatements="4" conditionals="0" coveredconditionals="0" methods="0" coveredmethods="0"/>
      <file name="config.js" path="/home/sirgregg/Desktop/projects/backend-test/config/config.js">
        <metrics statements="4" coveredstatements="4" conditionals="0" coveredconditionals="0" methods="0" coveredmethods="0"/>
        <line num="2" count="1" type="stmt"/>
        <line num="4" count="1" type="stmt"/>
        <line num="13" count="1" type="stmt"/>
        <line num="22" count="1" type="stmt"/>
      </file>
    </package>
    <package name="backend-test.controllers">
      <metrics statements="46" coveredstatements="34" conditionals="16" coveredconditionals="10" methods="6" coveredmethods="5"/>
      <file name="catfactsController.js" path="/home/sirgregg/Desktop/projects/backend-test/controllers/catfactsController.js">
        <metrics statements="46" coveredstatements="34" conditionals="16" coveredconditionals="10" methods="6" coveredmethods="5"/>
        <line num="5" count="1" type="stmt"/>
        <line num="8" count="1" type="stmt"/>
        <line num="9" count="1" type="stmt"/>
        <line num="11" count="1" type="stmt"/>
        <line num="14" count="0" type="stmt"/>
        <line num="15" count="0" type="stmt"/>
        <line num="27" count="0" type="stmt"/>
        <line num="28" count="0" type="stmt"/>
        <line num="30" count="0" type="stmt"/>
        <line num="32" count="0" type="stmt"/>
        <line num="38" count="1" type="stmt"/>
        <line num="39" count="1" type="stmt"/>
        <line num="40" count="1" type="stmt"/>
        <line num="43" count="1" type="cond" truecount="1" falsecount="1"/>
        <line num="44" count="1" type="stmt"/>
        <line num="48" count="0" type="cond" truecount="0" falsecount="2"/>
        <line num="49" count="0" type="stmt"/>
        <line num="52" count="0" type="stmt"/>
        <line num="57" count="1" type="stmt"/>
        <line num="58" count="2" type="stmt"/>
        <line num="59" count="2" type="stmt"/>
        <line num="61" count="2" type="stmt"/>
        <line num="64" count="2" type="cond" truecount="2" falsecount="0"/>
        <line num="65" count="1" type="stmt"/>
        <line num="69" count="1" type="cond" truecount="1" falsecount="1"/>
        <line num="70" count="1" type="stmt"/>
        <line num="73" count="0" type="stmt"/>
        <line num="78" count="1" type="stmt"/>
        <line num="79" count="2" type="stmt"/>
        <line num="80" count="2" type="stmt"/>
        <line num="82" count="2" type="stmt"/>
        <line num="85" count="2" type="cond" truecount="2" falsecount="0"/>
        <line num="87" count="1" type="stmt"/>
        <line num="89" count="1" type="stmt"/>
        <line num="93" count="1" type="cond" truecount="1" falsecount="1"/>
        <line num="94" count="1" type="stmt"/>
        <line num="97" count="0" type="stmt"/>
        <line num="102" count="1" type="stmt"/>
        <line num="103" count="2" type="stmt"/>
        <line num="104" count="2" type="stmt"/>
        <line num="106" count="2" type="stmt"/>
        <line num="109" count="2" type="cond" truecount="2" falsecount="0"/>
        <line num="110" count="1" type="stmt"/>
        <line num="114" count="1" type="cond" truecount="1" falsecount="1"/>
        <line num="115" count="1" type="stmt"/>
        <line num="118" count="0" type="stmt"/>
      </file>
    </package>
    <package name="backend-test.helper">
      <metrics statements="4" coveredstatements="3" conditionals="4" coveredconditionals="0" methods="2" coveredmethods="1"/>
      <file name="responsehandler.js" path="/home/sirgregg/Desktop/projects/backend-test/helper/responsehandler.js">
        <metrics statements="4" coveredstatements="3" conditionals="4" coveredconditionals="0" methods="2" coveredmethods="1"/>
        <line num="2" count="1" type="cond" truecount="0" falsecount="2"/>
        <line num="3" count="0" type="stmt"/>
        <line num="13" count="1" type="cond" truecount="0" falsecount="2"/>
        <line num="14" count="7" type="stmt"/>
      </file>
    </package>
    <package name="backend-test.models">
      <metrics statements="14" coveredstatements="11" conditionals="6" coveredconditionals="2" methods="2" coveredmethods="1"/>
      <file name="catfactsModel.js" path="/home/sirgregg/Desktop/projects/backend-test/models/catfactsModel.js">
        <metrics statements="2" coveredstatements="2" conditionals="0" coveredconditionals="0" methods="1" coveredmethods="1"/>
        <line num="3" count="1" type="stmt"/>
        <line num="37" count="1" type="stmt"/>
      </file>
      <file name="index.js" path="/home/sirgregg/Desktop/projects/backend-test/models/index.js">
        <metrics statements="12" coveredstatements="9" conditionals="6" coveredconditionals="2" methods="1" coveredmethods="0"/>
        <line num="6" count="1" type="cond" truecount="1" falsecount="1"/>
        <line num="8" count="1" type="stmt"/>
        <line num="9" count="1" type="stmt"/>
        <line num="12" count="1" type="cond" truecount="1" falsecount="1"/>
        <line num="13" count="0" type="stmt"/>
        <line num="15" count="1" type="stmt"/>
        <line num="23" count="1" type="stmt"/>
        <line num="24" count="0" type="cond" truecount="0" falsecount="2"/>
        <line num="25" count="0" type="stmt"/>
        <line num="29" count="1" type="stmt"/>
        <line num="30" count="1" type="stmt"/>
        <line num="32" count="1" type="stmt"/>
      </file>
    </package>
    <package name="backend-test.routes">
      <metrics statements="8" coveredstatements="8" conditionals="0" coveredconditionals="0" methods="0" coveredmethods="0"/>
      <file name="catfactsRouter.js" path="/home/sirgregg/Desktop/projects/backend-test/routes/catfactsRouter.js">
        <metrics statements="6" coveredstatements="6" conditionals="0" coveredconditionals="0" methods="0" coveredmethods="0"/>
        <line num="6" count="1" type="stmt"/>
        <line num="9" count="1" type="stmt"/>
        <line num="12" count="1" type="stmt"/>
        <line num="15" count="1" type="stmt"/>
        <line num="18" count="1" type="stmt"/>
        <line num="21" count="1" type="stmt"/>
      </file>
      <file name="index.js" path="/home/sirgregg/Desktop/projects/backend-test/routes/index.js">
        <metrics statements="2" coveredstatements="2" conditionals="0" coveredconditionals="0" methods="0" coveredmethods="0"/>
        <line num="8" count="1" type="stmt"/>
        <line num="13" count="1" type="stmt"/>
      </file>
    </package>
    <package name="backend-test.routes.handlers">
      <metrics statements="5" coveredstatements="3" conditionals="0" coveredconditionals="0" methods="1" coveredmethods="1"/>
      <file name="catFactsHandler.js" path="/home/sirgregg/Desktop/projects/backend-test/routes/handlers/catFactsHandler.js">
        <metrics statements="5" coveredstatements="3" conditionals="0" coveredconditionals="0" methods="1" coveredmethods="1"/>
        <line num="6" count="1" type="stmt"/>
        <line num="9" count="1" type="stmt"/>
        <line num="11" count="1" type="stmt"/>
        <line num="22" count="0" type="stmt"/>
        <line num="23" count="0" type="stmt"/>
      </file>
    </package>
  </project>
</coverage>
