{"/home/sirgregg/Desktop/projects/backend-test/config.js": {"path":"/home/sirgregg/Desktop/projects/backend-test/config.js","statementMap":{"0":{"start":{"line":4,"column":5},"end":{"line":4,"column":16}}},"fnMap":{},"branchMap":{"0":{"loc":{"start":{"line":2,"column":1},"end":{"line":2,"column":12}},"type":"default-arg","locations":[{"start":{"line":2,"column":8},"end":{"line":2,"column":12}}],"line":2},"1":{"loc":{"start":{"line":3,"column":1},"end":{"line":3,"column":46}},"type":"default-arg","locations":[{"start":{"line":3,"column":14},"end":{"line":3,"column":46}}],"line":3}},"s":{"0":1},"f":{},"b":{"0":[1],"1":[1]},"_coverageSchema":"1a1c01bbd47fc00a2c39e90264f33305004495a9","hash":"30a2ed7d3621bbd0554ebc991223bd69a923e9a4"}
,"/home/sirgregg/Desktop/projects/backend-test/server.js": {"path":"/home/sirgregg/Desktop/projects/backend-test/server.js","statementMap":{"0":{"start":{"line":10,"column":13},"end":{"line":10,"column":40}},"1":{"start":{"line":13,"column":12},"end":{"line":13,"column":21}},"2":{"start":{"line":16,"column":0},"end":{"line":16,"column":24}},"3":{"start":{"line":19,"column":0},"end":{"line":19,"column":48}},"4":{"start":{"line":22,"column":0},"end":{"line":22,"column":27}},"5":{"start":{"line":25,"column":0},"end":{"line":29,"column":2}},"6":{"start":{"line":26,"column":1},"end":{"line":28,"column":3}},"7":{"start":{"line":33,"column":0},"end":{"line":39,"column":3}},"8":{"start":{"line":34,"column":3},"end":{"line":34,"column":58}},"9":{"start":{"line":36,"column":1},"end":{"line":38,"column":4}},"10":{"start":{"line":37,"column":2},"end":{"line":37,"column":69}}},"fnMap":{"0":{"name":"(anonymous_0)","decl":{"start":{"line":25,"column":13},"end":{"line":25,"column":14}},"loc":{"start":{"line":26,"column":1},"end":{"line":28,"column":3}},"line":26},"1":{"name":"(anonymous_1)","decl":{"start":{"line":33,"column":41},"end":{"line":33,"column":42}},"loc":{"start":{"line":33,"column":47},"end":{"line":39,"column":1}},"line":33},"2":{"name":"(anonymous_2)","decl":{"start":{"line":36,"column":18},"end":{"line":36,"column":19}},"loc":{"start":{"line":36,"column":24},"end":{"line":38,"column":2}},"line":36}},"branchMap":{"0":{"loc":{"start":{"line":10,"column":13},"end":{"line":10,"column":40}},"type":"binary-expr","locations":[{"start":{"line":10,"column":13},"end":{"line":10,"column":32}},{"start":{"line":10,"column":36},"end":{"line":10,"column":40}}],"line":10}},"s":{"0":1,"1":1,"2":1,"3":1,"4":1,"5":1,"6":1,"7":1,"8":1,"9":1,"10":1},"f":{"0":1,"1":1,"2":1},"b":{"0":[1,0]},"_coverageSchema":"1a1c01bbd47fc00a2c39e90264f33305004495a9","hash":"097c38da5d0f2d73e33b97dd9889f57579445036"}
,"/home/sirgregg/Desktop/projects/backend-test/config/config.js": {"path":"/home/sirgregg/Desktop/projects/backend-test/config/config.js","statementMap":{"0":{"start":{"line":2,"column":0},"end":{"line":2,"column":9}},"1":{"start":{"line":4,"column":19},"end":{"line":11,"column":1}},"2":{"start":{"line":13,"column":23},"end":{"line":20,"column":1}},"3":{"start":{"line":22,"column":17},"end":{"line":37,"column":1}}},"fnMap":{},"branchMap":{},"s":{"0":1,"1":1,"2":1,"3":1},"f":{},"b":{},"_coverageSchema":"1a1c01bbd47fc00a2c39e90264f33305004495a9","hash":"3fbf31b27fcabf9682f80c4b08ab297f37cc7b05"}
,"/home/sirgregg/Desktop/projects/backend-test/controllers/catfactsController.js": {"path":"/home/sirgregg/Desktop/projects/backend-test/controllers/catfactsController.js","statementMap":{"0":{"start":{"line":5,"column":16},"end":{"line":5,"column":27}},"1":{"start":{"line":8,"column":20},"end":{"line":35,"column":1}},"2":{"start":{"line":9,"column":4},"end":{"line":34,"column":2}},"3":{"start":{"line":11,"column":18},"end":{"line":11,"column":50}},"4":{"start":{"line":14,"column":21},"end":{"line":29,"column":11}},"5":{"start":{"line":15,"column":23},"end":{"line":25,"column":13}},"6":{"start":{"line":27,"column":28},"end":{"line":27,"column":54}},"7":{"start":{"line":28,"column":12},"end":{"line":28,"column":27}},"8":{"start":{"line":30,"column":8},"end":{"line":30,"column":58}},"9":{"start":{"line":32,"column":8},"end":{"line":32,"column":57}},"10":{"start":{"line":38,"column":23},"end":{"line":54,"column":1}},"11":{"start":{"line":39,"column":4},"end":{"line":53,"column":5}},"12":{"start":{"line":40,"column":23},"end":{"line":40,"column":46}},"13":{"start":{"line":43,"column":8},"end":{"line":45,"column":9}},"14":{"start":{"line":44,"column":12},"end":{"line":44,"column":66}},"15":{"start":{"line":48,"column":8},"end":{"line":50,"column":9}},"16":{"start":{"line":49,"column":12},"end":{"line":49,"column":87}},"17":{"start":{"line":52,"column":8},"end":{"line":52,"column":55}},"18":{"start":{"line":57,"column":23},"end":{"line":75,"column":1}},"19":{"start":{"line":58,"column":4},"end":{"line":74,"column":5}},"20":{"start":{"line":59,"column":21},"end":{"line":59,"column":35}},"21":{"start":{"line":61,"column":22},"end":{"line":61,"column":65}},"22":{"start":{"line":64,"column":8},"end":{"line":66,"column":9}},"23":{"start":{"line":65,"column":12},"end":{"line":65,"column":65}},"24":{"start":{"line":69,"column":8},"end":{"line":71,"column":9}},"25":{"start":{"line":70,"column":12},"end":{"line":70,"column":93}},"26":{"start":{"line":73,"column":8},"end":{"line":73,"column":57}},"27":{"start":{"line":78,"column":22},"end":{"line":99,"column":1}},"28":{"start":{"line":79,"column":4},"end":{"line":98,"column":5}},"29":{"start":{"line":80,"column":21},"end":{"line":80,"column":35}},"30":{"start":{"line":82,"column":22},"end":{"line":82,"column":78}},"31":{"start":{"line":85,"column":8},"end":{"line":90,"column":9}},"32":{"start":{"line":87,"column":35},"end":{"line":87,"column":78}},"33":{"start":{"line":89,"column":12},"end":{"line":89,"column":74}},"34":{"start":{"line":93,"column":8},"end":{"line":95,"column":9}},"35":{"start":{"line":94,"column":12},"end":{"line":94,"column":93}},"36":{"start":{"line":97,"column":8},"end":{"line":97,"column":57}},"37":{"start":{"line":102,"column":22},"end":{"line":120,"column":1}},"38":{"start":{"line":103,"column":4},"end":{"line":119,"column":5}},"39":{"start":{"line":104,"column":21},"end":{"line":104,"column":35}},"40":{"start":{"line":106,"column":22},"end":{"line":106,"column":65}},"41":{"start":{"line":109,"column":8},"end":{"line":111,"column":9}},"42":{"start":{"line":110,"column":12},"end":{"line":110,"column":107}},"43":{"start":{"line":114,"column":8},"end":{"line":116,"column":9}},"44":{"start":{"line":115,"column":12},"end":{"line":115,"column":93}},"45":{"start":{"line":118,"column":8},"end":{"line":118,"column":57}}},"fnMap":{"0":{"name":"(anonymous_0)","decl":{"start":{"line":8,"column":20},"end":{"line":8,"column":21}},"loc":{"start":{"line":8,"column":49},"end":{"line":35,"column":1}},"line":8},"1":{"name":"(anonymous_1)","decl":{"start":{"line":14,"column":51},"end":{"line":14,"column":52}},"loc":{"start":{"line":14,"column":69},"end":{"line":29,"column":9}},"line":14},"2":{"name":"(anonymous_2)","decl":{"start":{"line":38,"column":23},"end":{"line":38,"column":24}},"loc":{"start":{"line":38,"column":52},"end":{"line":54,"column":1}},"line":38},"3":{"name":"(anonymous_3)","decl":{"start":{"line":57,"column":23},"end":{"line":57,"column":24}},"loc":{"start":{"line":57,"column":52},"end":{"line":75,"column":1}},"line":57},"4":{"name":"(anonymous_4)","decl":{"start":{"line":78,"column":22},"end":{"line":78,"column":23}},"loc":{"start":{"line":78,"column":51},"end":{"line":99,"column":1}},"line":78},"5":{"name":"(anonymous_5)","decl":{"start":{"line":102,"column":22},"end":{"line":102,"column":23}},"loc":{"start":{"line":102,"column":51},"end":{"line":120,"column":1}},"line":102}},"branchMap":{"0":{"loc":{"start":{"line":43,"column":8},"end":{"line":45,"column":9}},"type":"if","locations":[{"start":{"line":43,"column":8},"end":{"line":45,"column":9}},{"start":{},"end":{}}],"line":43},"1":{"loc":{"start":{"line":48,"column":8},"end":{"line":50,"column":9}},"type":"if","locations":[{"start":{"line":48,"column":8},"end":{"line":50,"column":9}},{"start":{},"end":{}}],"line":48},"2":{"loc":{"start":{"line":64,"column":8},"end":{"line":66,"column":9}},"type":"if","locations":[{"start":{"line":64,"column":8},"end":{"line":66,"column":9}},{"start":{},"end":{}}],"line":64},"3":{"loc":{"start":{"line":69,"column":8},"end":{"line":71,"column":9}},"type":"if","locations":[{"start":{"line":69,"column":8},"end":{"line":71,"column":9}},{"start":{},"end":{}}],"line":69},"4":{"loc":{"start":{"line":85,"column":8},"end":{"line":90,"column":9}},"type":"if","locations":[{"start":{"line":85,"column":8},"end":{"line":90,"column":9}},{"start":{},"end":{}}],"line":85},"5":{"loc":{"start":{"line":93,"column":8},"end":{"line":95,"column":9}},"type":"if","locations":[{"start":{"line":93,"column":8},"end":{"line":95,"column":9}},{"start":{},"end":{}}],"line":93},"6":{"loc":{"start":{"line":109,"column":8},"end":{"line":111,"column":9}},"type":"if","locations":[{"start":{"line":109,"column":8},"end":{"line":111,"column":9}},{"start":{},"end":{}}],"line":109},"7":{"loc":{"start":{"line":114,"column":8},"end":{"line":116,"column":9}},"type":"if","locations":[{"start":{"line":114,"column":8},"end":{"line":116,"column":9}},{"start":{},"end":{}}],"line":114}},"s":{"0":1,"1":1,"2":1,"3":1,"4":0,"5":0,"6":0,"7":0,"8":0,"9":0,"10":1,"11":1,"12":1,"13":1,"14":1,"15":0,"16":0,"17":0,"18":1,"19":2,"20":2,"21":2,"22":2,"23":1,"24":1,"25":1,"26":0,"27":1,"28":2,"29":2,"30":2,"31":2,"32":1,"33":1,"34":1,"35":1,"36":0,"37":1,"38":2,"39":2,"40":2,"41":2,"42":1,"43":1,"44":1,"45":0},"f":{"0":1,"1":0,"2":1,"3":2,"4":2,"5":2},"b":{"0":[1,0],"1":[0,0],"2":[1,1],"3":[1,0],"4":[1,1],"5":[1,0],"6":[1,1],"7":[1,0]},"_coverageSchema":"1a1c01bbd47fc00a2c39e90264f33305004495a9","hash":"d4732d813cde83824067f44380404eec358b93b7"}
,"/home/sirgregg/Desktop/projects/backend-test/helper/responsehandler.js": {"path":"/home/sirgregg/Desktop/projects/backend-test/helper/responsehandler.js","statementMap":{"0":{"start":{"line":2,"column":29},"end":{"line":10,"column":1}},"1":{"start":{"line":3,"column":4},"end":{"line":9,"column":7}},"2":{"start":{"line":13,"column":31},"end":{"line":21,"column":1}},"3":{"start":{"line":14,"column":4},"end":{"line":20,"column":7}}},"fnMap":{"0":{"name":"(anonymous_0)","decl":{"start":{"line":2,"column":29},"end":{"line":2,"column":30}},"loc":{"start":{"line":2,"column":77},"end":{"line":10,"column":1}},"line":2},"1":{"name":"(anonymous_1)","decl":{"start":{"line":13,"column":31},"end":{"line":13,"column":32}},"loc":{"start":{"line":13,"column":81},"end":{"line":21,"column":1}},"line":13}},"branchMap":{"0":{"loc":{"start":{"line":2,"column":44},"end":{"line":2,"column":60}},"type":"default-arg","locations":[{"start":{"line":2,"column":57},"end":{"line":2,"column":60}}],"line":2},"1":{"loc":{"start":{"line":2,"column":62},"end":{"line":2,"column":72}},"type":"default-arg","locations":[{"start":{"line":2,"column":70},"end":{"line":2,"column":72}}],"line":2},"2":{"loc":{"start":{"line":13,"column":46},"end":{"line":13,"column":62}},"type":"default-arg","locations":[{"start":{"line":13,"column":59},"end":{"line":13,"column":62}}],"line":13},"3":{"loc":{"start":{"line":13,"column":64},"end":{"line":13,"column":76}},"type":"default-arg","locations":[{"start":{"line":13,"column":74},"end":{"line":13,"column":76}}],"line":13}},"s":{"0":1,"1":0,"2":1,"3":7},"f":{"0":0,"1":7},"b":{"0":[0],"1":[0],"2":[0],"3":[0]},"_coverageSchema":"1a1c01bbd47fc00a2c39e90264f33305004495a9","hash":"afe0b930122495fac5b3a1e2494afc109adc4a9c"}
,"/home/sirgregg/Desktop/projects/backend-test/models/catfactsModel.js": {"path":"/home/sirgregg/Desktop/projects/backend-test/models/catfactsModel.js","statementMap":{"0":{"start":{"line":3,"column":21},"end":{"line":36,"column":6}},"1":{"start":{"line":37,"column":4},"end":{"line":37,"column":20}}},"fnMap":{"0":{"name":"(anonymous_0)","decl":{"start":{"line":2,"column":15},"end":{"line":2,"column":16}},"loc":{"start":{"line":2,"column":41},"end":{"line":38,"column":1}},"line":2}},"branchMap":{},"s":{"0":1,"1":1},"f":{"0":1},"b":{},"_coverageSchema":"1a1c01bbd47fc00a2c39e90264f33305004495a9","hash":"b68301cd280e80d4d6142cddea60a1d3035e9795"}
,"/home/sirgregg/Desktop/projects/backend-test/models/index.js": {"path":"/home/sirgregg/Desktop/projects/backend-test/models/index.js","statementMap":{"0":{"start":{"line":6,"column":12},"end":{"line":6,"column":42}},"1":{"start":{"line":8,"column":15},"end":{"line":8,"column":30}},"2":{"start":{"line":9,"column":11},"end":{"line":9,"column":13}},"3":{"start":{"line":12,"column":0},"end":{"line":21,"column":1}},"4":{"start":{"line":13,"column":1},"end":{"line":13,"column":73}},"5":{"start":{"line":15,"column":1},"end":{"line":20,"column":3}},"6":{"start":{"line":23,"column":0},"end":{"line":27,"column":3}},"7":{"start":{"line":24,"column":2},"end":{"line":26,"column":3}},"8":{"start":{"line":25,"column":4},"end":{"line":25,"column":32}},"9":{"start":{"line":29,"column":0},"end":{"line":29,"column":25}},"10":{"start":{"line":30,"column":0},"end":{"line":30,"column":25}},"11":{"start":{"line":32,"column":0},"end":{"line":32,"column":45}}},"fnMap":{"0":{"name":"(anonymous_0)","decl":{"start":{"line":23,"column":24},"end":{"line":23,"column":25}},"loc":{"start":{"line":23,"column":39},"end":{"line":27,"column":1}},"line":23}},"branchMap":{"0":{"loc":{"start":{"line":6,"column":12},"end":{"line":6,"column":42}},"type":"binary-expr","locations":[{"start":{"line":6,"column":12},"end":{"line":6,"column":32}},{"start":{"line":6,"column":36},"end":{"line":6,"column":42}}],"line":6},"1":{"loc":{"start":{"line":12,"column":0},"end":{"line":21,"column":1}},"type":"if","locations":[{"start":{"line":12,"column":0},"end":{"line":21,"column":1}},{"start":{"line":14,"column":7},"end":{"line":21,"column":1}}],"line":12},"2":{"loc":{"start":{"line":24,"column":2},"end":{"line":26,"column":3}},"type":"if","locations":[{"start":{"line":24,"column":2},"end":{"line":26,"column":3}},{"start":{},"end":{}}],"line":24}},"s":{"0":1,"1":1,"2":1,"3":1,"4":0,"5":1,"6":1,"7":0,"8":0,"9":1,"10":1,"11":1},"f":{"0":0},"b":{"0":[1,0],"1":[0,1],"2":[0,0]},"_coverageSchema":"1a1c01bbd47fc00a2c39e90264f33305004495a9","hash":"049d6c2c6b7749b5f2cfe03ed5e024ad1876ec23"}
,"/home/sirgregg/Desktop/projects/backend-test/routes/catfactsRouter.js": {"path":"/home/sirgregg/Desktop/projects/backend-test/routes/catfactsRouter.js","statementMap":{"0":{"start":{"line":6,"column":15},"end":{"line":6,"column":23}},"1":{"start":{"line":9,"column":0},"end":{"line":9,"column":60}},"2":{"start":{"line":12,"column":0},"end":{"line":12,"column":62}},"3":{"start":{"line":15,"column":0},"end":{"line":15,"column":65}},"4":{"start":{"line":18,"column":0},"end":{"line":18,"column":67}},"5":{"start":{"line":21,"column":0},"end":{"line":21,"column":70}}},"fnMap":{},"branchMap":{},"s":{"0":1,"1":1,"2":1,"3":1,"4":1,"5":1},"f":{},"b":{},"_coverageSchema":"1a1c01bbd47fc00a2c39e90264f33305004495a9","hash":"d5699a129facac10e43cc85cbf520758c60d7deb"}
,"/home/sirgregg/Desktop/projects/backend-test/routes/index.js": {"path":"/home/sirgregg/Desktop/projects/backend-test/routes/index.js","statementMap":{"0":{"start":{"line":8,"column":15},"end":{"line":10,"column":2}},"1":{"start":{"line":13,"column":0},"end":{"line":13,"column":22}}},"fnMap":{},"branchMap":{},"s":{"0":1,"1":1},"f":{},"b":{},"_coverageSchema":"1a1c01bbd47fc00a2c39e90264f33305004495a9","hash":"21d693fef5394e1ff46382812c529c17ca828b94"}
,"/home/sirgregg/Desktop/projects/backend-test/routes/handlers/catFactsHandler.js": {"path":"/home/sirgregg/Desktop/projects/backend-test/routes/handlers/catFactsHandler.js","statementMap":{"0":{"start":{"line":6,"column":18},"end":{"line":25,"column":1}},"1":{"start":{"line":9,"column":15},"end":{"line":9,"column":32}},"2":{"start":{"line":11,"column":19},"end":{"line":20,"column":4}},"3":{"start":{"line":22,"column":15},"end":{"line":22,"column":36}},"4":{"start":{"line":23,"column":2},"end":{"line":23,"column":14}}},"fnMap":{"0":{"name":"(anonymous_0)","decl":{"start":{"line":7,"column":17},"end":{"line":7,"column":18}},"loc":{"start":{"line":7,"column":35},"end":{"line":24,"column":2}},"line":7}},"branchMap":{},"s":{"0":1,"1":1,"2":1,"3":0,"4":0},"f":{"0":1},"b":{},"_coverageSchema":"1a1c01bbd47fc00a2c39e90264f33305004495a9","hash":"a85a66948b142268f83df92c4b3ea4896ec5cec3"}
}
