TN:
SF:config.js
FNF:0
FNH:0
DA:4,1
LF:1
LH:1
BRDA:2,0,0,1
BRDA:3,1,0,1
BRF:2
BRH:2
end_of_record
TN:
SF:server.js
FN:25,(anonymous_0)
FN:33,(anonymous_1)
FN:36,(anonymous_2)
FNF:3
FNH:3
FNDA:1,(anonymous_0)
FNDA:1,(anonymous_1)
FNDA:1,(anonymous_2)
DA:10,1
DA:13,1
DA:16,1
DA:19,1
DA:22,1
DA:25,1
DA:26,1
DA:33,1
DA:34,1
DA:36,1
DA:37,1
LF:11
LH:11
BRDA:10,0,0,1
BRDA:10,0,1,0
BRF:2
BRH:1
end_of_record
TN:
SF:config/config.js
FNF:0
FNH:0
DA:2,1
DA:4,1
DA:13,1
DA:22,1
LF:4
LH:4
BRF:0
BRH:0
end_of_record
TN:
SF:controllers/catfactsController.js
FN:8,(anonymous_0)
FN:14,(anonymous_1)
FN:38,(anonymous_2)
FN:57,(anonymous_3)
FN:78,(anonymous_4)
FN:102,(anonymous_5)
FNF:6
FNH:5
FNDA:1,(anonymous_0)
FNDA:0,(anonymous_1)
FNDA:1,(anonymous_2)
FNDA:2,(anonymous_3)
FNDA:2,(anonymous_4)
FNDA:2,(anonymous_5)
DA:5,1
DA:8,1
DA:9,1
DA:11,1
DA:14,0
DA:15,0
DA:27,0
DA:28,0
DA:30,0
DA:32,0
DA:38,1
DA:39,1
DA:40,1
DA:43,1
DA:44,1
DA:48,0
DA:49,0
DA:52,0
DA:57,1
DA:58,2
DA:59,2
DA:61,2
DA:64,2
DA:65,1
DA:69,1
DA:70,1
DA:73,0
DA:78,1
DA:79,2
DA:80,2
DA:82,2
DA:85,2
DA:87,1
DA:89,1
DA:93,1
DA:94,1
DA:97,0
DA:102,1
DA:103,2
DA:104,2
DA:106,2
DA:109,2
DA:110,1
DA:114,1
DA:115,1
DA:118,0
LF:46
LH:34
BRDA:43,0,0,1
BRDA:43,0,1,0
BRDA:48,1,0,0
BRDA:48,1,1,0
BRDA:64,2,0,1
BRDA:64,2,1,1
BRDA:69,3,0,1
BRDA:69,3,1,0
BRDA:85,4,0,1
BRDA:85,4,1,1
BRDA:93,5,0,1
BRDA:93,5,1,0
BRDA:109,6,0,1
BRDA:109,6,1,1
BRDA:114,7,0,1
BRDA:114,7,1,0
BRF:16
BRH:10
end_of_record
TN:
SF:helper/responsehandler.js
FN:2,(anonymous_0)
FN:13,(anonymous_1)
FNF:2
FNH:1
FNDA:0,(anonymous_0)
FNDA:7,(anonymous_1)
DA:2,1
DA:3,0
DA:13,1
DA:14,7
LF:4
LH:3
BRDA:2,0,0,0
BRDA:2,1,0,0
BRDA:13,2,0,0
BRDA:13,3,0,0
BRF:4
BRH:0
end_of_record
TN:
SF:models/catfactsModel.js
FN:2,(anonymous_0)
FNF:1
FNH:1
FNDA:1,(anonymous_0)
DA:3,1
DA:37,1
LF:2
LH:2
BRF:0
BRH:0
end_of_record
TN:
SF:models/index.js
FN:23,(anonymous_0)
FNF:1
FNH:0
FNDA:0,(anonymous_0)
DA:6,1
DA:8,1
DA:9,1
DA:12,1
DA:13,0
DA:15,1
DA:23,1
DA:24,0
DA:25,0
DA:29,1
DA:30,1
DA:32,1
LF:12
LH:9
BRDA:6,0,0,1
BRDA:6,0,1,0
BRDA:12,1,0,0
BRDA:12,1,1,1
BRDA:24,2,0,0
BRDA:24,2,1,0
BRF:6
BRH:2
end_of_record
TN:
SF:routes/catfactsRouter.js
FNF:0
FNH:0
DA:6,1
DA:9,1
DA:12,1
DA:15,1
DA:18,1
DA:21,1
LF:6
LH:6
BRF:0
BRH:0
end_of_record
TN:
SF:routes/index.js
FNF:0
FNH:0
DA:8,1
DA:13,1
LF:2
LH:2
BRF:0
BRH:0
end_of_record
TN:
SF:routes/handlers/catFactsHandler.js
FN:7,(anonymous_0)
FNF:1
FNH:1
FNDA:1,(anonymous_0)
DA:6,1
DA:9,1
DA:11,1
DA:22,0
DA:23,0
LF:5
LH:3
BRF:0
BRH:0
end_of_record
